<?xml version="1.0" encoding="UTF-8"?>
<testng-results skipped="0" failed="0" ignored="0" total="10" passed="10">
  <reporter-output>
    <line>
      <![CDATA[Test starts Running in Google chrome browser.]]>
    </line>
    <line>
      <![CDATA[Driver closed]]>
    </line>
    <line>
      <![CDATA[Test starts Running in Google chrome browser.]]>
    </line>
    <line>
      <![CDATA[Driver closed]]>
    </line>
    <line>
      <![CDATA[Test starts Running In Firefox browser.]]>
    </line>
    <line>
      <![CDATA[Driver closed]]>
    </line>
    <line>
      <![CDATA[Test starts Running In Firefox browser.]]>
    </line>
    <line>
      <![CDATA[Driver closed]]>
    </line>
  </reporter-output>
  <suite name="Login Test suite" duration-ms="78603" started-at="2021-11-21T18:25:33 GMT" finished-at="2021-11-21T18:26:51 GMT">
    <groups>
    </groups>
    <test name="Hudl login running on chrome browser" duration-ms="37017" started-at="2021-11-21T18:25:33 GMT" finished-at="2021-11-21T18:26:10 GMT">
      <class name="com.hudl.login.PaswordResetTest">
        <test-method status="PASS" signature="setUp(java.lang.String, java.lang.String)[pri:0, instance:com.hudl.login.PaswordResetTest@69ea3742]" name="setUp" is-config="true" duration-ms="6495" started-at="2021-11-21T18:25:58 GMT" finished-at="2021-11-21T18:26:04 GMT">
          <params>
            <param index="0">
              <value>
                <![CDATA[chrome]]>
              </value>
            </param>
            <param index="1">
              <value>
                <![CDATA[https://www.hudl.com/login]]>
              </value>
            </param>
          </params>
          <reporter-output>
            <line>
              <![CDATA[Test starts Running in Google chrome browser.]]>
            </line>
          </reporter-output>
        </test-method> <!-- setUp -->
        <test-method status="PASS" signature="doPasswordResetWithInvalidEmail()[pri:0, instance:com.hudl.login.PaswordResetTest@69ea3742]" name="doPasswordResetWithInvalidEmail" duration-ms="5297" started-at="2021-11-21T18:26:04 GMT" finished-at="2021-11-21T18:26:09 GMT">
          <reporter-output>
          </reporter-output>
        </test-method> <!-- doPasswordResetWithInvalidEmail -->
        <test-method status="PASS" signature="quitDrver()[pri:0, instance:com.hudl.login.PaswordResetTest@69ea3742]" name="quitDrver" is-config="true" duration-ms="169" started-at="2021-11-21T18:26:09 GMT" finished-at="2021-11-21T18:26:10 GMT">
          <reporter-output>
            <line>
              <![CDATA[Driver closed]]>
            </line>
          </reporter-output>
        </test-method> <!-- quitDrver -->
      </class> <!-- com.hudl.login.PaswordResetTest -->
      <class name="com.hudl.login.LoginTest">
        <test-method status="PASS" signature="setUp(java.lang.String, java.lang.String)[pri:0, instance:com.hudl.login.LoginTest@5702b3b1]" name="setUp" is-config="true" duration-ms="7238" started-at="2021-11-21T18:25:33 GMT" finished-at="2021-11-21T18:25:40 GMT">
          <params>
            <param index="0">
              <value>
                <![CDATA[chrome]]>
              </value>
            </param>
            <param index="1">
              <value>
                <![CDATA[https://www.hudl.com/login]]>
              </value>
            </param>
          </params>
          <reporter-output>
            <line>
              <![CDATA[Test starts Running in Google chrome browser.]]>
            </line>
          </reporter-output>
        </test-method> <!-- setUp -->
        <test-method status="PASS" signature="loginWithEmailAndPasswordFieldBlank()[pri:0, instance:com.hudl.login.LoginTest@5702b3b1]" name="loginWithEmailAndPasswordFieldBlank" duration-ms="4257" started-at="2021-11-21T18:25:40 GMT" finished-at="2021-11-21T18:25:44 GMT">
          <reporter-output>
          </reporter-output>
        </test-method> <!-- loginWithEmailAndPasswordFieldBlank -->
        <test-method status="PASS" signature="loginWithInValidEmail(java.lang.String)[pri:0, instance:com.hudl.login.LoginTest@5702b3b1]" name="loginWithInValidEmail" duration-ms="4292" started-at="2021-11-21T18:25:44 GMT" finished-at="2021-11-21T18:25:48 GMT">
          <params>
            <param index="0">
              <value>
                <![CDATA[Hudl.com12345]]]>
              </value>
            </param>
          </params>
          <reporter-output>
          </reporter-output>
        </test-method> <!-- loginWithInValidEmail -->
        <test-method status="PASS" signature="loginWithInValidPassword(java.lang.String)[pri:0, instance:com.hudl.login.LoginTest@5702b3b1]" name="loginWithInValidPassword" duration-ms="4289" started-at="2021-11-21T18:25:48 GMT" finished-at="2021-11-21T18:25:53 GMT">
          <params>
            <param index="0">
              <value>
                <![CDATA[bidonije@gmail.com]]>
              </value>
            </param>
          </params>
          <reporter-output>
          </reporter-output>
        </test-method> <!-- loginWithInValidPassword -->
        <test-method status="PASS" signature="loginWithValidCredentials(java.lang.String, java.lang.String)[pri:0, instance:com.hudl.login.LoginTest@5702b3b1]" name="loginWithValidCredentials" duration-ms="4786" started-at="2021-11-21T18:25:53 GMT" finished-at="2021-11-21T18:25:57 GMT">
          <params>
            <param index="0">
              <value>
                <![CDATA[bidonije@gmail.com]]>
              </value>
            </param>
            <param index="1">
              <value>
                <![CDATA[Hudl.com12345]]]>
              </value>
            </param>
          </params>
          <reporter-output>
          </reporter-output>
        </test-method> <!-- loginWithValidCredentials -->
        <test-method status="PASS" signature="quitDrver()[pri:0, instance:com.hudl.login.LoginTest@5702b3b1]" name="quitDrver" is-config="true" duration-ms="172" started-at="2021-11-21T18:25:57 GMT" finished-at="2021-11-21T18:25:58 GMT">
          <reporter-output>
            <line>
              <![CDATA[Driver closed]]>
            </line>
          </reporter-output>
        </test-method> <!-- quitDrver -->
      </class> <!-- com.hudl.login.LoginTest -->
    </test> <!-- Hudl login running on chrome browser -->
    <test name="Hudl login running on firefox browser" duration-ms="41520" started-at="2021-11-21T18:26:10 GMT" finished-at="2021-11-21T18:26:51 GMT">
      <class name="com.hudl.login.PaswordResetTest">
        <test-method status="PASS" signature="setUp(java.lang.String, java.lang.String)[pri:0, instance:com.hudl.login.PaswordResetTest@6fc6f14e]" name="setUp" is-config="true" duration-ms="9060" started-at="2021-11-21T18:26:36 GMT" finished-at="2021-11-21T18:26:45 GMT">
          <params>
            <param index="0">
              <value>
                <![CDATA[firefox]]>
              </value>
            </param>
            <param index="1">
              <value>
                <![CDATA[https://www.hudl.com/login]]>
              </value>
            </param>
          </params>
          <reporter-output>
            <line>
              <![CDATA[Test starts Running In Firefox browser.]]>
            </line>
          </reporter-output>
        </test-method> <!-- setUp -->
        <test-method status="PASS" signature="doPasswordResetWithInvalidEmail()[pri:0, instance:com.hudl.login.PaswordResetTest@6fc6f14e]" name="doPasswordResetWithInvalidEmail" duration-ms="5812" started-at="2021-11-21T18:26:45 GMT" finished-at="2021-11-21T18:26:51 GMT">
          <reporter-output>
          </reporter-output>
        </test-method> <!-- doPasswordResetWithInvalidEmail -->
        <test-method status="PASS" signature="quitDrver()[pri:0, instance:com.hudl.login.PaswordResetTest@6fc6f14e]" name="quitDrver" is-config="true" duration-ms="558" started-at="2021-11-21T18:26:51 GMT" finished-at="2021-11-21T18:26:51 GMT">
          <reporter-output>
            <line>
              <![CDATA[Driver closed]]>
            </line>
          </reporter-output>
        </test-method> <!-- quitDrver -->
      </class> <!-- com.hudl.login.PaswordResetTest -->
      <class name="com.hudl.login.LoginTest">
        <test-method status="PASS" signature="setUp(java.lang.String, java.lang.String)[pri:0, instance:com.hudl.login.LoginTest@20398b7c]" name="setUp" is-config="true" duration-ms="8148" started-at="2021-11-21T18:26:10 GMT" finished-at="2021-11-21T18:26:18 GMT">
          <params>
            <param index="0">
              <value>
                <![CDATA[firefox]]>
              </value>
            </param>
            <param index="1">
              <value>
                <![CDATA[https://www.hudl.com/login]]>
              </value>
            </param>
          </params>
          <reporter-output>
            <line>
              <![CDATA[Test starts Running In Firefox browser.]]>
            </line>
          </reporter-output>
        </test-method> <!-- setUp -->
        <test-method status="PASS" signature="loginWithEmailAndPasswordFieldBlank()[pri:0, instance:com.hudl.login.LoginTest@20398b7c]" name="loginWithEmailAndPasswordFieldBlank" duration-ms="4332" started-at="2021-11-21T18:26:18 GMT" finished-at="2021-11-21T18:26:22 GMT">
          <reporter-output>
          </reporter-output>
        </test-method> <!-- loginWithEmailAndPasswordFieldBlank -->
        <test-method status="PASS" signature="loginWithInValidEmail(java.lang.String)[pri:0, instance:com.hudl.login.LoginTest@20398b7c]" name="loginWithInValidEmail" duration-ms="4327" started-at="2021-11-21T18:26:22 GMT" finished-at="2021-11-21T18:26:26 GMT">
          <params>
            <param index="0">
              <value>
                <![CDATA[Hudl.com12345]]]>
              </value>
            </param>
          </params>
          <reporter-output>
          </reporter-output>
        </test-method> <!-- loginWithInValidEmail -->
        <test-method status="PASS" signature="loginWithInValidPassword(java.lang.String)[pri:0, instance:com.hudl.login.LoginTest@20398b7c]" name="loginWithInValidPassword" duration-ms="4340" started-at="2021-11-21T18:26:26 GMT" finished-at="2021-11-21T18:26:31 GMT">
          <params>
            <param index="0">
              <value>
                <![CDATA[bidonije@gmail.com]]>
              </value>
            </param>
          </params>
          <reporter-output>
          </reporter-output>
        </test-method> <!-- loginWithInValidPassword -->
        <test-method status="PASS" signature="loginWithValidCredentials(java.lang.String, java.lang.String)[pri:0, instance:com.hudl.login.LoginTest@20398b7c]" name="loginWithValidCredentials" duration-ms="4360" started-at="2021-11-21T18:26:31 GMT" finished-at="2021-11-21T18:26:35 GMT">
          <params>
            <param index="0">
              <value>
                <![CDATA[bidonije@gmail.com]]>
              </value>
            </param>
            <param index="1">
              <value>
                <![CDATA[Hudl.com12345]]]>
              </value>
            </param>
          </params>
          <reporter-output>
          </reporter-output>
        </test-method> <!-- loginWithValidCredentials -->
        <test-method status="PASS" signature="quitDrver()[pri:0, instance:com.hudl.login.LoginTest@20398b7c]" name="quitDrver" is-config="true" duration-ms="579" started-at="2021-11-21T18:26:35 GMT" finished-at="2021-11-21T18:26:36 GMT">
          <reporter-output>
            <line>
              <![CDATA[Driver closed]]>
            </line>
          </reporter-output>
        </test-method> <!-- quitDrver -->
      </class> <!-- com.hudl.login.LoginTest -->
    </test> <!-- Hudl login running on firefox browser -->
  </suite> <!-- Login Test suite -->
</testng-results>
