<?xml version="1.0" encoding="UTF-8"?>
<testsuite xmlns:xsi="http://www.w3.org/2001/XMLSchema-instance" xsi:noNamespaceSchemaLocation="https://maven.apache.org/surefire/maven-surefire-plugin/xsd/surefire-test-report.xsd" name="TestSuite" time="73.177" tests="10" errors="0" skipped="0" failures="2">
  <properties>
[...]
</properties>
  <testcase name="loginWithEmailAndPasswordFieldBlank" classname="com.hudl.login.LoginTest" time="4.289"/>
  <testcase name="loginWithEmailAndPasswordFieldBlank" classname="com.hudl.login.LoginTest" time="4.366"/>
  <testcase name="loginWithInValidEmail" classname="com.hudl.login.LoginTest" time="4.299"/>
  <testcase name="loginWithInValidEmail" classname="com.hudl.login.LoginTest" time="4.334"/>
  <testcase name="loginWithInValidPassword" classname="com.hudl.login.LoginTest" time="4.312"/>
  <testcase name="loginWithInValidPassword" classname="com.hudl.login.LoginTest" time="4.344"/>
  <testcase name="loginWithValidCredentials" classname="com.hudl.login.LoginTest" time="4.326">
    <failure message="no such element: Unable to locate element: {&quot;method&quot;:&quot;css selector&quot;,&quot;selector&quot;:&quot;div.hui-globaluseritem &gt; div.hui-globaluseritem__display-name &gt; span&quot;}&#10;  (Session info: chrome=96.0.4664.55)&#10;For documentation on this error, please visit: https://selenium.dev/exceptions/#no_such_element&#10;Build info: version: &apos;4.0.0&apos;, revision: &apos;3a21814679&apos;&#10;System info: host: &apos;C02XD5ANJG5J&apos;, ip: &apos;192.168.0.39&apos;, os.name: &apos;Mac OS X&apos;, os.arch: &apos;x86_64&apos;, os.version: &apos;10.16&apos;, java.version: &apos;1.8.0_191&apos;&#10;Driver info: org.openqa.selenium.chrome.ChromeDriver&#10;Command: [59a40722bf32695efc12458840d6b0ed, findElement {using=css selector, value=div.hui-globaluseritem &gt; div.hui-globaluseritem__display-name &gt; span}]&#10;Capabilities {acceptInsecureCerts: false, browserName: chrome, browserVersion: 96.0.4664.55, chrome: {chromedriverVersion: 96.0.4664.45 (76e4c1bb2ab46..., userDataDir: /var/folders/4s/9sq7v_0n75l...}, goog:chromeOptions: {debuggerAddress: localhost:58392}, javascriptEnabled: true, networkConnectionEnabled: false, pageLoadStrategy: normal, platform: MAC, platformName: MAC, proxy: Proxy(), se:cdp: ws://localhost:58392/devtoo..., se:cdpVersion: 96.0.4664.55, setWindowRect: true, strictFileInteractability: false, timeouts: {implicit: 0, pageLoad: 300000, script: 30000}, unhandledPromptBehavior: dismiss and notify, webauthn:extension:credBlob: true, webauthn:extension:largeBlob: true, webauthn:virtualAuthenticators: true}&#10;Session ID: 59a40722bf32695efc12458840d6b0ed" type="org.openqa.selenium.NoSuchElementException">org.openqa.selenium.NoSuchElementException: 
no such element: Unable to locate element: {"method":"css selector","selector":"div.hui-globaluseritem > div.hui-globaluseritem__display-name > span"}
  (Session info: chrome=96.0.4664.55)
For documentation on this error, please visit: https://selenium.dev/exceptions/#no_such_element
Build info: version: '4.0.0', revision: '3a21814679'
System info: host: 'C02XD5ANJG5J', ip: '192.168.0.39', os.name: 'Mac OS X', os.arch: 'x86_64', os.version: '10.16', java.version: '1.8.0_191'
Driver info: org.openqa.selenium.chrome.ChromeDriver
Command: [59a40722bf32695efc12458840d6b0ed, findElement {using=css selector, value=div.hui-globaluseritem > div.hui-globaluseritem__display-name > span}]
Capabilities {acceptInsecureCerts: false, browserName: chrome, browserVersion: 96.0.4664.55, chrome: {chromedriverVersion: 96.0.4664.45 (76e4c1bb2ab46..., userDataDir: /var/folders/4s/9sq7v_0n75l...}, goog:chromeOptions: {debuggerAddress: localhost:58392}, javascriptEnabled: true, networkConnectionEnabled: false, pageLoadStrategy: normal, platform: MAC, platformName: MAC, proxy: Proxy(), se:cdp: ws://localhost:58392/devtoo..., se:cdpVersion: 96.0.4664.55, setWindowRect: true, strictFileInteractability: false, timeouts: {implicit: 0, pageLoad: 300000, script: 30000}, unhandledPromptBehavior: dismiss and notify, webauthn:extension:credBlob: true, webauthn:extension:largeBlob: true, webauthn:virtualAuthenticators: true}
Session ID: 59a40722bf32695efc12458840d6b0ed
	at com.hudl.login.LoginTest.loginWithValidCredentials(LoginTest.java:29)
</failure>
  </testcase>
  <testcase name="loginWithValidCredentials" classname="com.hudl.login.LoginTest" time="4.334">
    <failure message="Unable to locate element: div.hui-globaluseritem &gt; div.hui-globaluseritem__display-name &gt; span&#10;For documentation on this error, please visit: https://selenium.dev/exceptions/#no_such_element&#10;Build info: version: &apos;4.0.0&apos;, revision: &apos;3a21814679&apos;&#10;System info: host: &apos;C02XD5ANJG5J&apos;, ip: &apos;192.168.0.39&apos;, os.name: &apos;Mac OS X&apos;, os.arch: &apos;x86_64&apos;, os.version: &apos;10.16&apos;, java.version: &apos;1.8.0_191&apos;&#10;Driver info: org.openqa.selenium.firefox.FirefoxDriver&#10;Command: [bf143e08-601a-124f-be3c-0ea9c8104134, findElement {using=css selector, value=div.hui-globaluseritem &gt; div.hui-globaluseritem__display-name &gt; span}]&#10;Capabilities {acceptInsecureCerts: true, browserName: firefox, browserVersion: 94.0.2, javascriptEnabled: true, moz:accessibilityChecks: false, moz:buildID: 20211119140621, moz:debuggerAddress: localhost:65024, moz:geckodriverVersion: 0.30.0, moz:headless: false, moz:processID: 29518, moz:profile: /var/folders/4s/9sq7v_0n75l..., moz:shutdownTimeout: 60000, moz:useNonSpecCompliantPointerOrigin: false, moz:webdriverClick: true, pageLoadStrategy: normal, platform: MAC, platformName: MAC, platformVersion: 20.6.0, proxy: Proxy(), se:cdp: ws://localhost:65024/devtoo..., se:cdpVersion: 85, setWindowRect: true, strictFileInteractability: false, timeouts: {implicit: 0, pageLoad: 300000, script: 30000}, unhandledPromptBehavior: dismiss and notify}&#10;Session ID: bf143e08-601a-124f-be3c-0ea9c8104134" type="org.openqa.selenium.NoSuchElementException">org.openqa.selenium.NoSuchElementException: 
Unable to locate element: div.hui-globaluseritem > div.hui-globaluseritem__display-name > span
For documentation on this error, please visit: https://selenium.dev/exceptions/#no_such_element
Build info: version: '4.0.0', revision: '3a21814679'
System info: host: 'C02XD5ANJG5J', ip: '192.168.0.39', os.name: 'Mac OS X', os.arch: 'x86_64', os.version: '10.16', java.version: '1.8.0_191'
Driver info: org.openqa.selenium.firefox.FirefoxDriver
Command: [bf143e08-601a-124f-be3c-0ea9c8104134, findElement {using=css selector, value=div.hui-globaluseritem > div.hui-globaluseritem__display-name > span}]
Capabilities {acceptInsecureCerts: true, browserName: firefox, browserVersion: 94.0.2, javascriptEnabled: true, moz:accessibilityChecks: false, moz:buildID: 20211119140621, moz:debuggerAddress: localhost:65024, moz:geckodriverVersion: 0.30.0, moz:headless: false, moz:processID: 29518, moz:profile: /var/folders/4s/9sq7v_0n75l..., moz:shutdownTimeout: 60000, moz:useNonSpecCompliantPointerOrigin: false, moz:webdriverClick: true, pageLoadStrategy: normal, platform: MAC, platformName: MAC, platformVersion: 20.6.0, proxy: Proxy(), se:cdp: ws://localhost:65024/devtoo..., se:cdpVersion: 85, setWindowRect: true, strictFileInteractability: false, timeouts: {implicit: 0, pageLoad: 300000, script: 30000}, unhandledPromptBehavior: dismiss and notify}
Session ID: bf143e08-601a-124f-be3c-0ea9c8104134
	at com.hudl.login.LoginTest.loginWithValidCredentials(LoginTest.java:29)
</failure>
  </testcase>
  <testcase name="doPasswordResetWithInvalidEmail" classname="com.hudl.login.PaswordResetTest" time="5.296"/>
  <testcase name="doPasswordResetWithInvalidEmail" classname="com.hudl.login.PaswordResetTest" time="5.743"/>
</testsuite>