<?xml version="1.0" encoding="UTF-8"?>
<!-- Generated by org.testng.reporters.JUnitXMLReporter -->
<testsuite hostname="C02XD5ANJG5J" ignored="0" name="Hudl login running on firefox browser" tests="5" failures="1" timestamp="2021-12-04T13:50:48 GMT" time="39.943" errors="0">
  <testcase name="loginWithEmailAndPasswordFieldBlank" time="4.365" classname="com.hudl.login.LoginTest"/>
  <testcase name="loginWithInValidEmail" time="4.334" classname="com.hudl.login.LoginTest"/>
  <testcase name="loginWithInValidPassword" time="4.343" classname="com.hudl.login.LoginTest"/>
  <testcase name="loginWithValidCredentials" time="4.333" classname="com.hudl.login.LoginTest">
    <failure type="org.openqa.selenium.NoSuchElementException" message="Unable to locate element: div.hui-globaluseritem &amp;gt; div.hui-globaluseritem__display-name &amp;gt; span
For documentation on this error, please visit: https://selenium.dev/exceptions/#no_such_element
Build info: version: &amp;apos;4.0.0&amp;apos;, revision: &amp;apos;3a21814679&amp;apos;
System info: host: &amp;apos;C02XD5ANJG5J&amp;apos;, ip: &amp;apos;192.168.0.39&amp;apos;, os.name: &amp;apos;Mac OS X&amp;apos;, os.arch: &amp;apos;x86_64&amp;apos;, os.version: &amp;apos;10.16&amp;apos;, java.version: &amp;apos;1.8.0_191&amp;apos;
Driver info: org.openqa.selenium.firefox.FirefoxDriver
Command: [bf143e08-601a-124f-be3c-0ea9c8104134, findElement {using=css selector, value=div.hui-globaluseritem &amp;gt; div.hui-globaluseritem__display-name &amp;gt; span}]
Capabilities {acceptInsecureCerts: true, browserName: firefox, browserVersion: 94.0.2, javascriptEnabled: true, moz:accessibilityChecks: false, moz:buildID: 20211119140621, moz:debuggerAddress: localhost:65024, moz:geckodriverVersion: 0.30.0, moz:headless: false, moz:processID: 29518, moz:profile: /var/folders/4s/9sq7v_0n75l..., moz:shutdownTimeout: 60000, moz:useNonSpecCompliantPointerOrigin: false, moz:webdriverClick: true, pageLoadStrategy: normal, platform: MAC, platformName: MAC, platformVersion: 20.6.0, proxy: Proxy(), se:cdp: ws://localhost:65024/devtoo..., se:cdpVersion: 85, setWindowRect: true, strictFileInteractability: false, timeouts: {implicit: 0, pageLoad: 300000, script: 30000}, unhandledPromptBehavior: dismiss and notify}
Session ID: bf143e08-601a-124f-be3c-0ea9c8104134">
      <![CDATA[org.openqa.selenium.NoSuchElementException: Unable to locate element: div.hui-globaluseritem > div.hui-globaluseritem__display-name > span
For documentation on this error, please visit: https://selenium.dev/exceptions/#no_such_element
Build info: version: '4.0.0', revision: '3a21814679'
System info: host: 'C02XD5ANJG5J', ip: '192.168.0.39', os.name: 'Mac OS X', os.arch: 'x86_64', os.version: '10.16', java.version: '1.8.0_191'
Driver info: org.openqa.selenium.firefox.FirefoxDriver
Command: [bf143e08-601a-124f-be3c-0ea9c8104134, findElement {using=css selector, value=div.hui-globaluseritem > div.hui-globaluseritem__display-name > span}]
Capabilities {acceptInsecureCerts: true, browserName: firefox, browserVersion: 94.0.2, javascriptEnabled: true, moz:accessibilityChecks: false, moz:buildID: 20211119140621, moz:debuggerAddress: localhost:65024, moz:geckodriverVersion: 0.30.0, moz:headless: false, moz:processID: 29518, moz:profile: /var/folders/4s/9sq7v_0n75l..., moz:shutdownTimeout: 60000, moz:useNonSpecCompliantPointerOrigin: false, moz:webdriverClick: true, pageLoadStrategy: normal, platform: MAC, platformName: MAC, platformVersion: 20.6.0, proxy: Proxy(), se:cdp: ws://localhost:65024/devtoo..., se:cdpVersion: 85, setWindowRect: true, strictFileInteractability: false, timeouts: {implicit: 0, pageLoad: 300000, script: 30000}, unhandledPromptBehavior: dismiss and notify}
Session ID: bf143e08-601a-124f-be3c-0ea9c8104134
at org.openqa.selenium.remote.codec.w3c.W3CHttpResponseCodec.createException(W3CHttpResponseCodec.java:200)
at org.openqa.selenium.remote.codec.w3c.W3CHttpResponseCodec.decode(W3CHttpResponseCodec.java:133)
at org.openqa.selenium.remote.codec.w3c.W3CHttpResponseCodec.decode(W3CHttpResponseCodec.java:53)
at org.openqa.selenium.remote.HttpCommandExecutor.execute(HttpCommandExecutor.java:184)
at org.openqa.selenium.remote.service.DriverCommandExecutor.invokeExecute(DriverCommandExecutor.java:164)
at org.openqa.selenium.remote.service.DriverCommandExecutor.execute(DriverCommandExecutor.java:139)
at org.openqa.selenium.remote.RemoteWebDriver.execute(RemoteWebDriver.java:559)
at org.openqa.selenium.remote.ElementLocation$ElementFinder$2.findElement(ElementLocation.java:162)
at org.openqa.selenium.remote.ElementLocation.findElement(ElementLocation.java:60)
at org.openqa.selenium.remote.RemoteWebDriver.findElement(RemoteWebDriver.java:383)
at org.openqa.selenium.remote.RemoteWebDriver.findElement(RemoteWebDriver.java:375)
at org.openqa.selenium.support.pagefactory.DefaultElementLocator.findElement(DefaultElementLocator.java:70)
at org.openqa.selenium.support.pagefactory.internal.LocatingElementHandler.invoke(LocatingElementHandler.java:39)
at com.sun.proxy.$Proxy13.getText(Unknown Source)
at com.hudl.login.LoginPage.getCoachHeaderText(LoginPage.java:72)
at com.hudl.login.LoginSteps.assertCoachHeaderText(LoginSteps.java:31)
at com.hudl.login.LoginTest.loginWithValidCredentials(LoginTest.java:29)
at java.util.ArrayList.forEach(ArrayList.java:1257)
... Removed 35 stack frames]]>
    </failure>
  </testcase> <!-- loginWithValidCredentials -->
  <testcase name="doPasswordResetWithInvalidEmail" time="5.742" classname="com.hudl.login.PaswordResetTest"/>
</testsuite> <!-- Hudl login running on firefox browser -->
