<?xml version="1.0" encoding="UTF-8"?>
<!-- Generated by org.testng.reporters.JUnitXMLReporter -->
<testsuite hostname="C02XD5ANJG5J" ignored="0" name="Hudl login running on chrome browser" tests="5" failures="0" timestamp="2021-11-21T18:26:10 GMT" time="37.017" errors="0">
  <testcase name="loginWithEmailAndPasswordFieldBlank" time="4.257" classname="com.hudl.login.LoginTest"/>
  <testcase name="loginWithInValidEmail" time="4.292" classname="com.hudl.login.LoginTest"/>
  <testcase name="loginWithInValidPassword" time="4.289" classname="com.hudl.login.LoginTest"/>
  <testcase name="loginWithValidCredentials" time="4.786" classname="com.hudl.login.LoginTest"/>
  <testcase name="doPasswordResetWithInvalidEmail" time="5.297" classname="com.hudl.login.PaswordResetTest"/>
</testsuite> <!-- Hudl login running on chrome browser -->
